<?xml version="1.0" encoding="UTF-8"?>
<!-- Generated by org.testng.reporters.JUnitXMLReporter -->
<testsuite hostname="Nigar" ignored="5" tests="0" failures="0" timestamp="06 Oct 2017 00:00:18 GMT" time="0.0" errors="0">
  <testcase name="testSearchDropDownList" time="0.0" classname="testhomepage.TestSearchField">
    <ignored/>
  </testcase> <!-- testSearchDropDownList -->
  <testcase name="testHowToBuy" time="0.0" classname="testhomepage.TestSearchField">
    <ignored/>
  </testcase> <!-- testHowToBuy -->
  <testcase name="testDepartment" time="0.0" classname="testhomepage.TestDepartments">
    <ignored/>
  </testcase> <!-- testDepartment -->
  <testcase name="testSearchBox" time="0.0" classname="testhomepage.TestSearchField">
    <ignored/>
  </testcase> <!-- testSearchBox -->
  <testcase name="testMouseHoverDepartments" time="0.0" classname="testhomepage.TestDepartments">
    <ignored/>
  </testcase> <!-- testMouseHoverDepartments -->
</testsuite>
