<?xml version="1.0" encoding="UTF-8"?>
<testng-results skipped="0" failed="0" ignored="5" total="5" passed="0">
  <reporter-output>
  </reporter-output>
  <suite name="Amazon Automation" duration-ms="0" started-at="2017-10-06T00:00:18Z" finished-at="2017-10-06T00:00:18Z">
    <groups>
    </groups>
    <test name="Amazon Home" duration-ms="0" started-at="2017-10-06T00:00:18Z" finished-at="2017-10-06T00:00:18Z">
    </test> <!-- Amazon Home -->
  </suite> <!-- Amazon Automation -->
</testng-results>
